Arguments: 
  C:\Program Files\nodejs\node.exe C:\Users\Admin\AppData\Roaming\npm\node_modules\yarn\bin\yarn.js

PATH: 
  C:\Windows\system32;C:\Windows;C:\Windows\System32\Wbem;C:\Windows\System32\WindowsPowerShell\v1.0\;C:\Program Files\Git\cmd;%NVM_HOME%;%NVM_SYMLINK%;C:\Users\Admin\AppData\Local\Programs\Python\Python310\Scripts\;C:\Users\Admin\AppData\Local\Programs\Python\Python310\;C:\Users\Admin\AppData\Local\Programs\Microsoft VS Code\bin;C:\Users\Admin\AppData\Roaming\npm;C:\Users\Admin\AppData\Local\GitHubDesktop\bin;C:\Users\Admin\AppData\Roaming\nvm;C:\Program Files\nodejs

Yarn version: 
  1.22.18

Node version: 
  14.19.3

Platform: 
  win32 x64

Trace: 
  Error: ENOENT: no such file or directory, copyfile 'C:\Users\Admin\AppData\Local\Yarn\Cache\v6\npm-ansi-styles-3.2.1-41fbb20243e50b12be0f04b8dedbf07520ce841d-integrity\node_modules\ansi-styles\package.json' -> 'C:\Users\Admin\Desktop\New folder (3)\build10x_strapi\node_modules\@babel\highlight\node_modules\ansi-styles\package.json'

npm manifest: 
  {
    "name": "build-10-x-strapi",
    "private": true,
    "version": "0.1.0",
    "description": "A Strapi application",
    "scripts": {
      "develop": "strapi develop",
      "start": "strapi start",
      "build": "strapi build",
      "strapi": "strapi"
    },
    "dependencies": {
      "@strapi/plugin-documentation": "^4.1.0",
      "@strapi/plugin-i18n": "4.0.7",
      "@strapi/plugin-users-permissions": "4.0.7",
      "@strapi/provider-email-mailgun": "^4.1.0",
      "@strapi/strapi": "4.0.7",
      "avatar-initials": "^5.0.0",
      "aws-sdk": "^2.1074.0",
      "luxon": "^2.4.0",
      "pg": "8.6.0",
      "stripe": "^9.0.0",
      "uuid": "^8.3.2"
    },
    "author": {
      "name": "A Strapi developer"
    },
    "engines": {
      "node": "14.x",
      "npm": ">=6.0.0"
    },
    "license": "MIT"
  }

yarn manifest: 
  No manifest

Lockfile: 
  No lockfile
